[2025-07-25 11:42:04] [main] [Server] [INFO] -> Initializing NerfATG Server...
[2025-07-25 11:42:04] [main] [Server] [Debug] -> Loading server properties...
[2025-07-25 11:42:04] [main] [Server] [INFO] -> Server properties loaded successfully
[2025-07-25 11:42:04] [main] [Server] [Debug] -> Setting up console reader...
[2025-07-25 11:42:04] [main] [Server] [INFO] -> Console reader created
[2025-07-25 11:42:04] [main] [Server] [Debug] -> Starting proxy on port 36676...
[2025-07-25 11:42:04] [main] [Proxy] [Debug] -> Proxy initialized on port 36676
[2025-07-25 11:42:04] [main] [Server] [INFO] -> Proxy initialized and packet handlers registered
[2025-07-25 11:42:04] [main] [Server] [Debug] -> Initializing task scheduler...
[2025-07-25 11:42:04] [main] [CommandHandler] [INFO] -> Command handler properties loaded successfully
[2025-07-25 11:42:04] [main] [CommandHandler] [INFO] -> CommandHandler initialized with command character: ' '
[2025-07-25 11:42:04] [main] [CommandHandler] [INFO] -> Registered commands will be: []
[2025-07-25 11:42:04] [main] [Server] [INFO] -> Task scheduler and command handler initialized
[2025-07-25 11:42:04] [main] [Server] [Debug] -> Starting command handler task...
[2025-07-25 11:42:04] [main] [Server] [INFO] -> Command handler task started
[2025-07-25 11:42:04] [main] [Server] [Debug] -> Registering commands...
[2025-07-25 11:42:04] [main] [Server] [INFO] -> Commands registered successfully
[2025-07-25 11:42:04] [main] [Server] [Debug] -> Configuring console reader...
[2025-07-25 11:42:04] [main] [Server] [Important] -> Adding CommandHandler as completer to ConsoleReader
[2025-07-25 11:42:04] [main] [Server] [INFO] -> Console reader configured with command completion
[2025-07-25 11:42:04] [main] [Server] [WARNING] -> ConsoleManager temporarily disabled for completion testing
[2025-07-25 11:42:04] [main] [Proxy] [Important] -> Proxy listening on port 36676
[2025-07-25 11:42:06] [Thread-1] [Server] [Important] -> Server shutting down...
